<?xml version="1.0" encoding="UTF-8"?>
<!-- Generated by org.testng.reporters.JUnitXMLReporter -->
<testsuite hostname="NJCDTL01HL096F" ignored="3" name="Default test" tests="1" failures="0" timestamp="2022-01-12T12:17:45 EST" time="7.348" errors="0">
  <testcase name="createRouterTicket" time="6.5" classname="com.servicenow.SNAPIAutomation.RouterScenariosEM_ATTNOW"/>
  <testcase name="logUpdateRTR" time="0.0" classname="com.servicenow.SNAPIAutomation.RouterScenariosEM_ATTNOW">
    <ignored/>
  </testcase> <!-- logUpdateRTR -->
  <testcase name="escalationReqRTR" time="0.0" classname="com.servicenow.SNAPIAutomation.RouterScenariosEM_ATTNOW">
    <ignored/>
  </testcase> <!-- escalationReqRTR -->
  <testcase name="closeReqRTR" time="0.0" classname="com.servicenow.SNAPIAutomation.RouterScenariosEM_ATTNOW">
    <ignored/>
  </testcase> <!-- closeReqRTR -->
</testsuite> <!-- Default test -->
