<?xml version="1.0" encoding="UTF-8"?>
<!-- Generated by org.testng.reporters.JUnitXMLReporter -->
<testsuite hostname="NJCDTL01MC9844" ignored="3" name="Default test" tests="1" failures="0" timestamp="2022-01-14T16:17:06 EST" time="1.752" errors="0">
  <testcase name="json_create_request" time="0.16" classname="com.servicenow.SNAPIAutomation.TestSoapApi"/>
  <testcase name="testSOAPTicketCreate_EM" time="0.0" classname="com.servicenow.SNAPIAutomation.TestSoapApi">
    <ignored/>
  </testcase> <!-- testSOAPTicketCreate_EM -->
  <testcase name="testSOAPTicketCreate_ET" time="0.0" classname="com.servicenow.SNAPIAutomation.TestSoapApi">
    <ignored/>
  </testcase> <!-- testSOAPTicketCreate_ET -->
  <testcase name="testSOAPTicketCreate" time="0.0" classname="com.servicenow.SNAPIAutomation.TestSoapApi">
    <ignored/>
  </testcase> <!-- testSOAPTicketCreate -->
</testsuite> <!-- Default test -->
