<?xml version="1.0" encoding="UTF-8"?>
<!-- Generated by org.testng.reporters.JUnitXMLReporter -->
<testsuite hostname="ATTAPyHLYWfrCQs" ignored="0" name="Test" tests="4" failures="0" timestamp="2021-12-13T05:40:00 EST" time="6.958" errors="0">
  <testcase name="createCasephoneNum" time="3.267" classname="com.servicenow.SNAPIAutomation.TestData"/>
  <testcase name="logUpdate" time="0.709" classname="com.servicenow.SNAPIAutomation.TestData"/>
  <testcase name="caseEscalation" time="1.978" classname="com.servicenow.SNAPIAutomation.TestData"/>
  <testcase name="caseClosure" time="0.641" classname="com.servicenow.SNAPIAutomation.TestData"/>
</testsuite> <!-- Test -->
