<?xml version="1.0" encoding="UTF-8"?>
<!-- Generated by org.testng.reporters.JUnitXMLReporter -->
<testsuite hostname="NJCDTL01HL096F" ignored="2" name="Command line test" tests="11" failures="7" timestamp="2022-01-04T23:14:21 EST" time="11.816" errors="0">
  <testcase name="testRESTTicketClose_EM" time="3.442" classname="com.servicenow.SNAPIAutomation.TestClose">
    <failure type="java.lang.ClassCastException" message="io.restassured.internal.path.xml.NodeChildrenImpl cannot be cast to java.lang.String">
      <![CDATA[java.lang.ClassCastException: io.restassured.internal.path.xml.NodeChildrenImpl cannot be cast to java.lang.String
at com.servicenow.SNAPIAutomation.TestClose.testRESTTicketClose_EM(TestClose.java:49)
at java.util.ArrayList.forEach(ArrayList.java:1257)
... Removed 37 stack frames]]>
    </failure>
  </testcase> <!-- testRESTTicketClose_EM -->
  <testcase name="testRESTTicketClose_ET" time="0.907" classname="com.servicenow.SNAPIAutomation.TestClose">
    <failure type="java.lang.ClassCastException" message="io.restassured.internal.path.xml.NodeChildrenImpl cannot be cast to java.lang.String">
      <![CDATA[java.lang.ClassCastException: io.restassured.internal.path.xml.NodeChildrenImpl cannot be cast to java.lang.String
at com.servicenow.SNAPIAutomation.TestClose.testRESTTicketClose_ET(TestClose.java:28)
at java.util.ArrayList.forEach(ArrayList.java:1257)
... Removed 37 stack frames]]>
    </failure>
  </testcase> <!-- testRESTTicketClose_ET -->
  <testcase name="testRESTTicketCreate_EM" time="0.003" classname="com.servicenow.SNAPIAutomation.TestCreate">
    <failure type="java.lang.AssertionError" message="expected [true] but found [false]">
      <![CDATA[java.lang.AssertionError: expected [true] but found [false]
at com.servicenow.SNAPIAutomation.TestCreate.testRESTTicketCreate_EM(TestCreate.java:20)
at java.util.ArrayList.forEach(ArrayList.java:1257)
... Removed 43 stack frames]]>
    </failure>
  </testcase> <!-- testRESTTicketCreate_EM -->
  <testcase name="testRESTTicketCreate_ET" time="2.16" classname="com.servicenow.SNAPIAutomation.TestCreate"/>
  <testcase name="testRESTTicketCreate_EM" time="1.09" classname="com.servicenow.SNAPIAutomation.TestExcel"/>
  <testcase name="testRESTTicketGet_ET" time="0.373" classname="com.servicenow.SNAPIAutomation.TestExcel">
    <failure type="java.lang.AssertionError" message="expected [1] but found [0]">
      <![CDATA[java.lang.AssertionError: expected [1] but found [0]
at com.servicenow.SNAPIAutomation.TestExcel.testRESTTicketGet_ET(TestExcel.java:103)
at java.util.ArrayList.forEach(ArrayList.java:1257)
... Removed 43 stack frames]]>
    </failure>
  </testcase> <!-- testRESTTicketGet_ET -->
  <testcase name="testRESTTicketGet_ET" time="0.38" classname="com.servicenow.SNAPIAutomation.TestGet">
    <failure type="java.lang.AssertionError" message="expected [1] but found [0]">
      <![CDATA[java.lang.AssertionError: expected [1] but found [0]
at com.servicenow.SNAPIAutomation.TestGet.testRESTTicketGet_ET(TestGet.java:28)
at java.util.ArrayList.forEach(ArrayList.java:1257)
... Removed 43 stack frames]]>
    </failure>
  </testcase> <!-- testRESTTicketGet_ET -->
  <testcase name="testTickRESTetCreate_ET" time="1.892" classname="com.servicenow.SNAPIAutomation.TestSoapApi"/>
  <testcase name="testRESTTicketUpdate_EM" time="0.529" classname="com.servicenow.SNAPIAutomation.TestUpdate">
    <failure type="java.lang.ClassCastException" message="io.restassured.internal.path.xml.NodeChildrenImpl cannot be cast to java.lang.String">
      <![CDATA[java.lang.ClassCastException: io.restassured.internal.path.xml.NodeChildrenImpl cannot be cast to java.lang.String
at com.servicenow.SNAPIAutomation.TestUpdate.testRESTTicketUpdate_EM(TestUpdate.java:47)
at java.util.ArrayList.forEach(ArrayList.java:1257)
... Removed 37 stack frames]]>
    </failure>
  </testcase> <!-- testRESTTicketUpdate_EM -->
  <testcase name="testRESTTicketUpdate_ET" time="0.577" classname="com.servicenow.SNAPIAutomation.TestUpdate">
    <failure type="java.lang.ClassCastException" message="io.restassured.internal.path.xml.NodeChildrenImpl cannot be cast to java.lang.String">
      <![CDATA[java.lang.ClassCastException: io.restassured.internal.path.xml.NodeChildrenImpl cannot be cast to java.lang.String
at com.servicenow.SNAPIAutomation.TestUpdate.testRESTTicketUpdate_ET(TestUpdate.java:27)
at java.util.ArrayList.forEach(ArrayList.java:1257)
... Removed 37 stack frames]]>
    </failure>
  </testcase> <!-- testRESTTicketUpdate_ET -->
  <testcase name="test2" time="0.253" classname="utilities.TestAPI"/>
  <testcase name="testSOAPTicketCreate" time="0.0" classname="com.servicenow.SNAPIAutomation.TestSoapApi">
    <ignored/>
  </testcase> <!-- testSOAPTicketCreate -->
  <testcase name="testRESTTicketCreate_EM" time="0.0" classname="com.servicenow.SNAPIAutomation.TestSoapApi">
    <ignored/>
  </testcase> <!-- testRESTTicketCreate_EM -->
</testsuite> <!-- Command line test -->
