<?xml version="1.0" encoding="UTF-8" ?>
<testsuite tests="11" failures="7" name="TestSuite" time="11.608" errors="0" skipped="0">
  <properties>
[...]
</properties>
  <testcase classname="com.servicenow.SNAPIAutomation.TestClose" name="testRESTTicketClose_EM" time="3.448">
    <failure message="io.restassured.internal.path.xml.NodeChildrenImpl cannot be cast to java.lang.String" type="java.lang.ClassCastException">java.lang.ClassCastException: io.restassured.internal.path.xml.NodeChildrenImpl cannot be cast to java.lang.String
	at com.servicenow.SNAPIAutomation.TestClose.testRESTTicketClose_EM(TestClose.java:49)
</failure>
    <system-out>Configuring TestNG with: org.apache.maven.surefire.testng.conf.TestNG652Configurator@3aa9e816
500
0
</system-out>
    <system-err>log4j:WARN No appenders could be found for logger (org.apache.http.impl.conn.BasicClientConnectionManager).
log4j:WARN Please initialize the log4j system properly.
log4j:WARN See http://logging.apache.org/log4j/1.2/faq.html#noconfig for more info.
</system-err>
  </testcase>
  <testcase classname="com.servicenow.SNAPIAutomation.TestClose" name="testRESTTicketClose_ET" time="0.903">
    <failure message="io.restassured.internal.path.xml.NodeChildrenImpl cannot be cast to java.lang.String" type="java.lang.ClassCastException">java.lang.ClassCastException: io.restassured.internal.path.xml.NodeChildrenImpl cannot be cast to java.lang.String
	at com.servicenow.SNAPIAutomation.TestClose.testRESTTicketClose_ET(TestClose.java:28)
</failure>
    <system-out>500
0
</system-out>
  </testcase>
  <testcase classname="com.servicenow.SNAPIAutomation.TestCreate" name="testRESTTicketCreate_EM" time="0.004">
    <failure message="expected [true] but found [false]" type="java.lang.AssertionError">java.lang.AssertionError: expected [true] but found [false]
	at org.testng.Assert.fail(Assert.java:99)
	at org.testng.Assert.failNotEquals(Assert.java:1037)
	at org.testng.Assert.assertEqualsImpl(Assert.java:140)
	at org.testng.Assert.assertEquals(Assert.java:122)
	at org.testng.Assert.assertEquals(Assert.java:819)
	at org.testng.Assert.assertEquals(Assert.java:829)
	at com.servicenow.SNAPIAutomation.TestCreate.testRESTTicketCreate_EM(TestCreate.java:20)
</failure>
  </testcase>
  <testcase classname="com.servicenow.SNAPIAutomation.TestCreate" name="testRESTTicketCreate_ET" time="2.16"/>
  <testcase classname="com.servicenow.SNAPIAutomation.TestExcel" name="testRESTTicketCreate_EM" time="1.09"/>
  <testcase classname="com.servicenow.SNAPIAutomation.TestExcel" name="testRESTTicketGet_ET" time="0.373">
    <failure message="expected [1] but found [0]" type="java.lang.AssertionError">java.lang.AssertionError: expected [1] but found [0]
	at org.testng.Assert.fail(Assert.java:99)
	at org.testng.Assert.failNotEquals(Assert.java:1037)
	at org.testng.Assert.assertEqualsImpl(Assert.java:140)
	at org.testng.Assert.assertEquals(Assert.java:122)
	at org.testng.Assert.assertEquals(Assert.java:907)
	at org.testng.Assert.assertEquals(Assert.java:917)
	at com.servicenow.SNAPIAutomation.TestExcel.testRESTTicketGet_ET(TestExcel.java:103)
</failure>
    <system-out>500
0
</system-out>
  </testcase>
  <testcase classname="com.servicenow.SNAPIAutomation.TestGet" name="testRESTTicketGet_ET" time="0.381">
    <failure message="expected [1] but found [0]" type="java.lang.AssertionError">java.lang.AssertionError: expected [1] but found [0]
	at org.testng.Assert.fail(Assert.java:99)
	at org.testng.Assert.failNotEquals(Assert.java:1037)
	at org.testng.Assert.assertEqualsImpl(Assert.java:140)
	at org.testng.Assert.assertEquals(Assert.java:122)
	at org.testng.Assert.assertEquals(Assert.java:907)
	at org.testng.Assert.assertEquals(Assert.java:917)
	at com.servicenow.SNAPIAutomation.TestGet.testRESTTicketGet_ET(TestGet.java:28)
</failure>
    <system-out>500
0
</system-out>
  </testcase>
  <testcase classname="com.servicenow.SNAPIAutomation.TestSoapApi" name="testTickRESTetCreate_ET" time="1.891"/>
  <testcase classname="com.servicenow.SNAPIAutomation.TestUpdate" name="testRESTTicketUpdate_EM" time="0.529">
    <failure message="io.restassured.internal.path.xml.NodeChildrenImpl cannot be cast to java.lang.String" type="java.lang.ClassCastException">java.lang.ClassCastException: io.restassured.internal.path.xml.NodeChildrenImpl cannot be cast to java.lang.String
	at com.servicenow.SNAPIAutomation.TestUpdate.testRESTTicketUpdate_EM(TestUpdate.java:47)
</failure>
    <system-out>&lt;soap:Envelope xmlns:soap=&quot;http://schemas.xmlsoap.org/soap/envelope/&quot;&gt;&lt;soap:Body&gt;&lt;soap:Fault&gt;&lt;faultcode&gt;soap:Server&lt;/faultcode&gt;&lt;faultstring&gt;Requested Ticket Not Found&lt;/faultstring&gt;&lt;detail&gt;&lt;WSException xmlns=&quot;http://cio.att.com/commonheader/v3&quot; xmlns:ns2=&quot;http://tktsvc.aots.att.com/ticket&quot; xmlns:ns3=&quot;http://aots.att.com/ticket/v1&quot;&gt;&lt;Message&gt;Requested Ticket Not Found&lt;/Message&gt;&lt;ErrorCode&gt;1101&lt;/ErrorCode&gt;&lt;FailoverRequired&gt;false&lt;/FailoverRequired&gt;&lt;RetryRequired&gt;false&lt;/RetryRequired&gt;&lt;WSNameValue&gt;&lt;Name&gt;RequestID&lt;/Name&gt;&lt;Value&gt;049465628774&lt;/Value&gt;&lt;/WSNameValue&gt;&lt;/WSException&gt;&lt;/detail&gt;&lt;/soap:Fault&gt;&lt;/soap:Body&gt;&lt;/soap:Envelope&gt;
500
0
</system-out>
  </testcase>
  <testcase classname="com.servicenow.SNAPIAutomation.TestUpdate" name="testRESTTicketUpdate_ET" time="0.576">
    <failure message="io.restassured.internal.path.xml.NodeChildrenImpl cannot be cast to java.lang.String" type="java.lang.ClassCastException">java.lang.ClassCastException: io.restassured.internal.path.xml.NodeChildrenImpl cannot be cast to java.lang.String
	at com.servicenow.SNAPIAutomation.TestUpdate.testRESTTicketUpdate_ET(TestUpdate.java:27)
</failure>
    <system-out>&lt;soap:Envelope xmlns:soap=&quot;http://schemas.xmlsoap.org/soap/envelope/&quot;&gt;&lt;soap:Body&gt;&lt;soap:Fault&gt;&lt;faultcode&gt;soap:Server&lt;/faultcode&gt;&lt;faultstring&gt;Requested Ticket Not Found&lt;/faultstring&gt;&lt;detail&gt;&lt;WSException xmlns=&quot;http://cio.att.com/commonheader/v3&quot; xmlns:ns2=&quot;http://tktsvc.aots.att.com/ticket&quot; xmlns:ns3=&quot;http://aots.att.com/ticket/v1&quot;&gt;&lt;Message&gt;Requested Ticket Not Found&lt;/Message&gt;&lt;ErrorCode&gt;1101&lt;/ErrorCode&gt;&lt;FailoverRequired&gt;false&lt;/FailoverRequired&gt;&lt;RetryRequired&gt;false&lt;/RetryRequired&gt;&lt;WSNameValue&gt;&lt;Name&gt;RequestID&lt;/Name&gt;&lt;Value&gt;0c946d2a1b70&lt;/Value&gt;&lt;/WSNameValue&gt;&lt;/WSException&gt;&lt;/detail&gt;&lt;/soap:Fault&gt;&lt;/soap:Body&gt;&lt;/soap:Envelope&gt;
500
0
</system-out>
  </testcase>
  <testcase classname="utilities.TestAPI" name="test2" time="0.253"/>
</testsuite>