<?xml version="1.0" encoding="UTF-8"?>
<!-- Generated by org.testng.reporters.JUnitXMLReporter -->
<testsuite hostname="NJCDTL01HL096F" ignored="0" name="RetryMultipleFailedTestCases" tests="22" failures="4" timestamp="2022-01-06T10:15:10 EST" time="25.878" errors="0">
  <testcase name="testCreateAOTSTM_RTR" time="3.447" classname="com.servicenow.SNAPIAutomation.AOTSTM_RTR"/>
  <testcase name="testClose_AOTSTM_RTR" time="0.83" classname="com.servicenow.SNAPIAutomation.AOTSTM_RTR">
    <skipped/>
  </testcase> <!-- testClose_AOTSTM_RTR -->
  <testcase name="testClose_AOTSTM_RTR" time="0.785" classname="com.servicenow.SNAPIAutomation.AOTSTM_RTR">
    <skipped/>
  </testcase> <!-- testClose_AOTSTM_RTR -->
  <testcase name="testClose_AOTSTM_RTR" time="0.775" classname="com.servicenow.SNAPIAutomation.AOTSTM_RTR">
    <skipped/>
  </testcase> <!-- testClose_AOTSTM_RTR -->
  <testcase name="testClose_AOTSTM_RTR" time="0.76" classname="com.servicenow.SNAPIAutomation.AOTSTM_RTR">
    <failure type="java.lang.ClassCastException" message="io.restassured.internal.path.xml.NodeChildrenImpl cannot be cast to java.lang.String">
      <![CDATA[java.lang.ClassCastException: io.restassured.internal.path.xml.NodeChildrenImpl cannot be cast to java.lang.String
at com.servicenow.SNAPIAutomation.AOTSTM_RTR.testClose_AOTSTM_RTR(AOTSTM_RTR.java:129)
at java.util.ArrayList.forEach(ArrayList.java:1257)
... Removed 27 stack frames]]>
    </failure>
  </testcase> <!-- testClose_AOTSTM_RTR -->
  <testcase name="testGetAOTSTM_EM_RTR" time="0.687" classname="com.servicenow.SNAPIAutomation.AOTSTM_RTR"/>
  <testcase name="testtUpdateAOTSTM_EM_RTR" time="0.963" classname="com.servicenow.SNAPIAutomation.AOTSTM_RTR"/>
  <testcase name="testEDF_TN_Request" time="1.723" classname="com.servicenow.SNAPIAutomation.EM_RTR"/>
  <testcase name="testRESTTicketCase_EM_TN" time="1.596" classname="com.servicenow.SNAPIAutomation.EM_RTR">
    <skipped/>
  </testcase> <!-- testRESTTicketCase_EM_TN -->
  <testcase name="testRESTTicketCase_EM_TN" time="1.247" classname="com.servicenow.SNAPIAutomation.EM_RTR">
    <skipped/>
  </testcase> <!-- testRESTTicketCase_EM_TN -->
  <testcase name="testRESTTicketCase_EM_TN" time="1.446" classname="com.servicenow.SNAPIAutomation.EM_RTR">
    <skipped/>
  </testcase> <!-- testRESTTicketCase_EM_TN -->
  <testcase name="testRESTTicketCase_EM_TN" time="0.961" classname="com.servicenow.SNAPIAutomation.EM_RTR">
    <failure type="java.lang.ClassCastException" message="io.restassured.internal.path.xml.NodeChildrenImpl cannot be cast to java.lang.String">
      <![CDATA[java.lang.ClassCastException: io.restassured.internal.path.xml.NodeChildrenImpl cannot be cast to java.lang.String
at com.servicenow.SNAPIAutomation.EM_RTR.testRESTTicketCase_EM_TN(EM_RTR.java:183)
at java.util.ArrayList.forEach(ArrayList.java:1257)
... Removed 27 stack frames]]>
    </failure>
  </testcase> <!-- testRESTTicketCase_EM_TN -->
  <testcase name="testRESTTicketClose_EM_TN" time="0.449" classname="com.servicenow.SNAPIAutomation.EM_RTR">
    <skipped/>
  </testcase> <!-- testRESTTicketClose_EM_TN -->
  <testcase name="testRESTTicketClose_EM_TN" time="0.617" classname="com.servicenow.SNAPIAutomation.EM_RTR">
    <skipped/>
  </testcase> <!-- testRESTTicketClose_EM_TN -->
  <testcase name="testRESTTicketClose_EM_TN" time="0.419" classname="com.servicenow.SNAPIAutomation.EM_RTR">
    <skipped/>
  </testcase> <!-- testRESTTicketClose_EM_TN -->
  <testcase name="testRESTTicketClose_EM_TN" time="0.611" classname="com.servicenow.SNAPIAutomation.EM_RTR">
    <failure type="java.lang.ClassCastException" message="io.restassured.internal.path.xml.NodeChildrenImpl cannot be cast to java.lang.String">
      <![CDATA[java.lang.ClassCastException: io.restassured.internal.path.xml.NodeChildrenImpl cannot be cast to java.lang.String
at com.servicenow.SNAPIAutomation.EM_RTR.testRESTTicketClose_EM_TN(EM_RTR.java:202)
at java.util.ArrayList.forEach(ArrayList.java:1257)
... Removed 27 stack frames]]>
    </failure>
  </testcase> <!-- testRESTTicketClose_EM_TN -->
  <testcase name="testRESTTicketCreate_EM_RTR" time="3.793" classname="com.servicenow.SNAPIAutomation.EM_RTR"/>
  <testcase name="testRESTTicketGet_EM_RTR" time="2.232" classname="com.servicenow.SNAPIAutomation.EM_RTR"/>
  <testcase name="testRESTTicketUpdate_EM_TN" time="0.564" classname="com.servicenow.SNAPIAutomation.EM_RTR">
    <skipped/>
  </testcase> <!-- testRESTTicketUpdate_EM_TN -->
  <testcase name="testRESTTicketUpdate_EM_TN" time="0.399" classname="com.servicenow.SNAPIAutomation.EM_RTR">
    <skipped/>
  </testcase> <!-- testRESTTicketUpdate_EM_TN -->
  <testcase name="testRESTTicketUpdate_EM_TN" time="0.706" classname="com.servicenow.SNAPIAutomation.EM_RTR">
    <skipped/>
  </testcase> <!-- testRESTTicketUpdate_EM_TN -->
  <testcase name="testRESTTicketUpdate_EM_TN" time="0.415" classname="com.servicenow.SNAPIAutomation.EM_RTR">
    <failure type="java.lang.ClassCastException" message="io.restassured.internal.path.xml.NodeChildrenImpl cannot be cast to java.lang.String">
      <![CDATA[java.lang.ClassCastException: io.restassured.internal.path.xml.NodeChildrenImpl cannot be cast to java.lang.String
at com.servicenow.SNAPIAutomation.EM_RTR.testRESTTicketUpdate_EM_TN(EM_RTR.java:160)
at java.util.ArrayList.forEach(ArrayList.java:1257)
... Removed 27 stack frames]]>
    </failure>
  </testcase> <!-- testRESTTicketUpdate_EM_TN -->
</testsuite> <!-- RetryMultipleFailedTestCases -->
