<?xml version="1.0" encoding="UTF-8"?>
<!-- Generated by org.testng.reporters.JUnitXMLReporter -->
<testsuite hostname="NJCDTL01HL096F" ignored="0" name="RetryMultipleFailedTestCases" tests="32" failures="6" timestamp="2022-01-14T13:01:53 EST" time="47.027" errors="0">
  <testcase name="testCreateAOTSTM_RTR" time="9.235" classname="com.servicenow.SNAPIAutomation.AOTSTM_RTR"/>
  <testcase name="testClose_AOTSTM_RTR" time="0.889" classname="com.servicenow.SNAPIAutomation.AOTSTM_RTR">
    <skipped/>
  </testcase> <!-- testClose_AOTSTM_RTR -->
  <testcase name="testClose_AOTSTM_RTR" time="0.86" classname="com.servicenow.SNAPIAutomation.AOTSTM_RTR">
    <skipped/>
  </testcase> <!-- testClose_AOTSTM_RTR -->
  <testcase name="testClose_AOTSTM_RTR" time="0.833" classname="com.servicenow.SNAPIAutomation.AOTSTM_RTR">
    <skipped/>
  </testcase> <!-- testClose_AOTSTM_RTR -->
  <testcase name="testClose_AOTSTM_RTR" time="0.851" classname="com.servicenow.SNAPIAutomation.AOTSTM_RTR">
    <failure type="java.lang.ClassCastException" message="io.restassured.internal.path.xml.NodeChildrenImpl cannot be cast to java.lang.String">
      <![CDATA[java.lang.ClassCastException: io.restassured.internal.path.xml.NodeChildrenImpl cannot be cast to java.lang.String
at com.servicenow.SNAPIAutomation.AOTSTM_RTR.testClose_AOTSTM_RTR(AOTSTM_RTR.java:129)
at java.util.ArrayList.forEach(ArrayList.java:1257)
... Removed 27 stack frames]]>
    </failure>
  </testcase> <!-- testClose_AOTSTM_RTR -->
  <testcase name="testGetAOTSTM_EM_RTR" time="0.84" classname="com.servicenow.SNAPIAutomation.AOTSTM_RTR"/>
  <testcase name="testtUpdateAOTSTM_EM_RTR" time="1.093" classname="com.servicenow.SNAPIAutomation.AOTSTM_RTR"/>
  <testcase name="testEDF_TN_Request" time="2.627" classname="com.servicenow.SNAPIAutomation.EM_RTR"/>
  <testcase name="testRESTTicketCase_EM_TN" time="1.342" classname="com.servicenow.SNAPIAutomation.EM_RTR">
    <skipped/>
  </testcase> <!-- testRESTTicketCase_EM_TN -->
  <testcase name="testRESTTicketCase_EM_TN" time="1.076" classname="com.servicenow.SNAPIAutomation.EM_RTR">
    <skipped/>
  </testcase> <!-- testRESTTicketCase_EM_TN -->
  <testcase name="testRESTTicketCase_EM_TN" time="1.304" classname="com.servicenow.SNAPIAutomation.EM_RTR">
    <skipped/>
  </testcase> <!-- testRESTTicketCase_EM_TN -->
  <testcase name="testRESTTicketCase_EM_TN" time="1.26" classname="com.servicenow.SNAPIAutomation.EM_RTR">
    <failure type="java.lang.ClassCastException" message="io.restassured.internal.path.xml.NodeChildrenImpl cannot be cast to java.lang.String">
      <![CDATA[java.lang.ClassCastException: io.restassured.internal.path.xml.NodeChildrenImpl cannot be cast to java.lang.String
at com.servicenow.SNAPIAutomation.EM_RTR.testRESTTicketCase_EM_TN(EM_RTR.java:183)
at java.util.ArrayList.forEach(ArrayList.java:1257)
... Removed 27 stack frames]]>
    </failure>
  </testcase> <!-- testRESTTicketCase_EM_TN -->
  <testcase name="testRESTTicketClose_EM_TN" time="0.689" classname="com.servicenow.SNAPIAutomation.EM_RTR">
    <skipped/>
  </testcase> <!-- testRESTTicketClose_EM_TN -->
  <testcase name="testRESTTicketClose_EM_TN" time="0.505" classname="com.servicenow.SNAPIAutomation.EM_RTR">
    <skipped/>
  </testcase> <!-- testRESTTicketClose_EM_TN -->
  <testcase name="testRESTTicketClose_EM_TN" time="0.673" classname="com.servicenow.SNAPIAutomation.EM_RTR">
    <skipped/>
  </testcase> <!-- testRESTTicketClose_EM_TN -->
  <testcase name="testRESTTicketClose_EM_TN" time="0.617" classname="com.servicenow.SNAPIAutomation.EM_RTR">
    <failure type="java.lang.ClassCastException" message="io.restassured.internal.path.xml.NodeChildrenImpl cannot be cast to java.lang.String">
      <![CDATA[java.lang.ClassCastException: io.restassured.internal.path.xml.NodeChildrenImpl cannot be cast to java.lang.String
at com.servicenow.SNAPIAutomation.EM_RTR.testRESTTicketClose_EM_TN(EM_RTR.java:202)
at java.util.ArrayList.forEach(ArrayList.java:1257)
... Removed 27 stack frames]]>
    </failure>
  </testcase> <!-- testRESTTicketClose_EM_TN -->
  <testcase name="testRESTTicketCreate_EM_RTR" time="1.359" classname="com.servicenow.SNAPIAutomation.EM_RTR">
    <skipped/>
  </testcase> <!-- testRESTTicketCreate_EM_RTR -->
  <testcase name="testRESTTicketCreate_EM_RTR" time="1.561" classname="com.servicenow.SNAPIAutomation.EM_RTR">
    <skipped/>
  </testcase> <!-- testRESTTicketCreate_EM_RTR -->
  <testcase name="testRESTTicketCreate_EM_RTR" time="1.322" classname="com.servicenow.SNAPIAutomation.EM_RTR">
    <skipped/>
  </testcase> <!-- testRESTTicketCreate_EM_RTR -->
  <testcase name="testRESTTicketCreate_EM_RTR" time="1.202" classname="com.servicenow.SNAPIAutomation.EM_RTR">
    <failure type="java.lang.ClassCastException" message="io.restassured.internal.path.xml.NodeChildrenImpl cannot be cast to java.lang.String">
      <![CDATA[java.lang.ClassCastException: io.restassured.internal.path.xml.NodeChildrenImpl cannot be cast to java.lang.String
at com.servicenow.SNAPIAutomation.EM_RTR.testRESTTicketCreate_EM_RTR(EM_RTR.java:28)
at java.util.ArrayList.forEach(ArrayList.java:1257)
... Removed 27 stack frames]]>
    </failure>
  </testcase> <!-- testRESTTicketCreate_EM_RTR -->
  <testcase name="testRESTTicketGet_EM_RTR" time="6.994" classname="com.servicenow.SNAPIAutomation.EM_RTR"/>
  <testcase name="testRESTTicketUpdate_EM_TN" time="0.568" classname="com.servicenow.SNAPIAutomation.EM_RTR">
    <skipped/>
  </testcase> <!-- testRESTTicketUpdate_EM_TN -->
  <testcase name="testRESTTicketUpdate_EM_TN" time="0.587" classname="com.servicenow.SNAPIAutomation.EM_RTR">
    <skipped/>
  </testcase> <!-- testRESTTicketUpdate_EM_TN -->
  <testcase name="testRESTTicketUpdate_EM_TN" time="0.557" classname="com.servicenow.SNAPIAutomation.EM_RTR">
    <skipped/>
  </testcase> <!-- testRESTTicketUpdate_EM_TN -->
  <testcase name="testRESTTicketUpdate_EM_TN" time="0.55" classname="com.servicenow.SNAPIAutomation.EM_RTR">
    <failure type="java.lang.ClassCastException" message="io.restassured.internal.path.xml.NodeChildrenImpl cannot be cast to java.lang.String">
      <![CDATA[java.lang.ClassCastException: io.restassured.internal.path.xml.NodeChildrenImpl cannot be cast to java.lang.String
at com.servicenow.SNAPIAutomation.EM_RTR.testRESTTicketUpdate_EM_TN(EM_RTR.java:160)
at java.util.ArrayList.forEach(ArrayList.java:1257)
... Removed 27 stack frames]]>
    </failure>
  </testcase> <!-- testRESTTicketUpdate_EM_TN -->
  <testcase name="createCasephoneNum" time="1.237" classname="com.servicenow.SNAPIAutomation.TestData"/>
  <testcase name="logUpdate" time="0.82" classname="com.servicenow.SNAPIAutomation.TestData"/>
  <testcase name="caseEscalation" time="1.746" classname="com.servicenow.SNAPIAutomation.TestData"/>
  <testcase name="caseClosure" time="0.67" classname="com.servicenow.SNAPIAutomation.TestData">
    <skipped/>
  </testcase> <!-- caseClosure -->
  <testcase name="caseClosure" time="0.725" classname="com.servicenow.SNAPIAutomation.TestData">
    <skipped/>
  </testcase> <!-- caseClosure -->
  <testcase name="caseClosure" time="0.684" classname="com.servicenow.SNAPIAutomation.TestData">
    <skipped/>
  </testcase> <!-- caseClosure -->
  <testcase name="caseClosure" time="0.605" classname="com.servicenow.SNAPIAutomation.TestData">
    <failure type="java.lang.AssertionError" message="expected [updated] but found [inserted]">
      <![CDATA[java.lang.AssertionError: expected [updated] but found [inserted]
at com.servicenow.SNAPIAutomation.TestData.caseClosure(TelePhoneE2E.java:127)
at java.util.ArrayList.forEach(ArrayList.java:1257)
... Removed 33 stack frames]]>
    </failure>
  </testcase> <!-- caseClosure -->
</testsuite> <!-- RetryMultipleFailedTestCases -->
