<?xml version="1.0" encoding="UTF-8"?>
<testng-results skipped="0" failed="1" ignored="5" total="6" passed="0">
  <reporter-output>
  </reporter-output>
  <suite name="Default suite" duration-ms="4360" started-at="2022-01-14T13:06:30 EST" finished-at="2022-01-14T13:06:34 EST">
    <groups>
    </groups>
    <test name="Default test" duration-ms="4360" started-at="2022-01-14T13:06:30 EST" finished-at="2022-01-14T13:06:34 EST">
      <class name="com.servicenow.SNAPIAutomation.EM_RTR">
        <test-method status="PASS" signature="beforeTestClass()[pri:0, instance:com.servicenow.SNAPIAutomation.EM_RTR@1a3869f4]" name="beforeTestClass" is-config="true" duration-ms="131" started-at="2022-01-14T13:06:30 EST" finished-at="2022-01-14T13:06:30 EST">
          <reporter-output>
          </reporter-output>
        </test-method> <!-- beforeTestClass -->
        <test-method status="FAIL" signature="testRESTTicketCreate_EM_RTR()[pri:0, instance:com.servicenow.SNAPIAutomation.EM_RTR@1a3869f4]" name="testRESTTicketCreate_EM_RTR" duration-ms="3850" started-at="2022-01-14T13:06:30 EST" description="Create EM_RTR_Nowia
" finished-at="2022-01-14T13:06:34 EST">
          <exception class="java.lang.ClassCastException">
            <message>
              <![CDATA[io.restassured.internal.path.xml.NodeChildrenImpl cannot be cast to java.lang.String]]>
            </message>
            <full-stacktrace>
              <![CDATA[java.lang.ClassCastException: io.restassured.internal.path.xml.NodeChildrenImpl cannot be cast to java.lang.String
at com.servicenow.SNAPIAutomation.EM_RTR.testRESTTicketCreate_EM_RTR(EM_RTR.java:28)
at sun.reflect.NativeMethodAccessorImpl.invoke0(Native Method)
at sun.reflect.NativeMethodAccessorImpl.invoke(NativeMethodAccessorImpl.java:62)
at sun.reflect.DelegatingMethodAccessorImpl.invoke(DelegatingMethodAccessorImpl.java:43)
at java.lang.reflect.Method.invoke(Method.java:498)
at org.testng.internal.MethodInvocationHelper.invokeMethod(MethodInvocationHelper.java:133)
at org.testng.internal.TestInvoker.invokeMethod(TestInvoker.java:598)
at org.testng.internal.TestInvoker.invokeTestMethod(TestInvoker.java:173)
at org.testng.internal.MethodRunner.runInSequence(MethodRunner.java:46)
at org.testng.internal.TestInvoker$MethodInvocationAgent.invoke(TestInvoker.java:824)
at org.testng.internal.TestInvoker.invokeTestMethods(TestInvoker.java:146)
at org.testng.internal.TestMethodWorker.invokeTestMethods(TestMethodWorker.java:146)
at org.testng.internal.TestMethodWorker.run(TestMethodWorker.java:128)
at java.util.ArrayList.forEach(ArrayList.java:1257)
at org.testng.TestRunner.privateRun(TestRunner.java:794)
at org.testng.TestRunner.run(TestRunner.java:596)
at org.testng.SuiteRunner.runTest(SuiteRunner.java:377)
at org.testng.SuiteRunner.runSequentially(SuiteRunner.java:371)
at org.testng.SuiteRunner.privateRun(SuiteRunner.java:332)
at org.testng.SuiteRunner.run(SuiteRunner.java:276)
at org.testng.SuiteRunnerWorker.runSuite(SuiteRunnerWorker.java:53)
at org.testng.SuiteRunnerWorker.run(SuiteRunnerWorker.java:96)
at org.testng.TestNG.runSuitesSequentially(TestNG.java:1212)
at org.testng.TestNG.runSuitesLocally(TestNG.java:1134)
at org.testng.TestNG.runSuites(TestNG.java:1063)
at org.testng.TestNG.run(TestNG.java:1031)
at org.testng.remote.AbstractRemoteTestNG.run(AbstractRemoteTestNG.java:115)
at org.testng.remote.RemoteTestNG.initAndRun(RemoteTestNG.java:251)
at org.testng.remote.RemoteTestNG.main(RemoteTestNG.java:77)
]]>
            </full-stacktrace>
          </exception> <!-- java.lang.ClassCastException -->
          <reporter-output>
          </reporter-output>
        </test-method> <!-- testRESTTicketCreate_EM_RTR -->
        <test-method status="PASS" signature="afterMethod(org.testng.ITestResult)[pri:0, instance:com.servicenow.SNAPIAutomation.EM_RTR@1a3869f4]" name="afterMethod" is-config="true" duration-ms="14" started-at="2022-01-14T13:06:34 EST" finished-at="2022-01-14T13:06:34 EST">
          <params>
            <param index="0">
              <value>
                <![CDATA[[TestResult name=testRESTTicketCreate_EM_RTR status=FAILURE method=EM_RTR.testRESTTicketCreate_EM_RTR()[pri:0, instance:com.servicenow.SNAPIAutomation.EM_RTR@1a3869f4] output={null}]]]>
              </value>
            </param>
          </params>
          <reporter-output>
          </reporter-output>
        </test-method> <!-- afterMethod -->
        <test-method status="PASS" signature="flushReport()[pri:0, instance:com.servicenow.SNAPIAutomation.EM_RTR@1a3869f4]" name="flushReport" is-config="true" duration-ms="333" started-at="2022-01-14T13:06:34 EST" finished-at="2022-01-14T13:06:34 EST">
          <reporter-output>
          </reporter-output>
        </test-method> <!-- flushReport -->
      </class> <!-- com.servicenow.SNAPIAutomation.EM_RTR -->
    </test> <!-- Default test -->
  </suite> <!-- Default suite -->
</testng-results>
